<?xml version="1.0" encoding="UTF-8"?>
<testsuite xmlns:xsi="http://www.w3.org/2001/XMLSchema-instance" xsi:noNamespaceSchemaLocation="https://maven.apache.org/surefire/maven-surefire-plugin/xsd/surefire-test-report-3.0.xsd" version="3.0" name="pl.edu.agh.kis.pz1.util.MyMapTest" time="0.13" tests="6" errors="0" skipped="0" failures="0">
  <properties>
[...]
</properties>
  <testcase name="values" classname="pl.edu.agh.kis.pz1.util.MyMapTest" time="0.063"/>
  <testcase name="get" classname="pl.edu.agh.kis.pz1.util.MyMapTest" time="0.004"/>
  <testcase name="put" classname="pl.edu.agh.kis.pz1.util.MyMapTest" time="0.006"/>
  <testcase name="keys" classname="pl.edu.agh.kis.pz1.util.MyMapTest" time="0.004"/>
  <testcase name="size" classname="pl.edu.agh.kis.pz1.util.MyMapTest" time="0.002"/>
  <testcase name="isEmpty" classname="pl.edu.agh.kis.pz1.util.MyMapTest" time="0.001"/>
</testsuite>